2025-01-13 13:20:03,569 - INFO - Model Architecture: MultimodalModel
2025-01-13 13:20:03,569 - INFO - Total Trainable Parameters: 23825090
2025-01-13 13:20:03,570 - INFO - Epoch 1/10:   0%|                                                                                  | 0/23 [00:00<?, ?it/s]
2025-01-13 13:20:04,157 - INFO - Epoch 1/10:   4%|###2                                                                      | 1/23 [00:00<00:12,  1.71it/s]
2025-01-13 13:20:04,539 - INFO - Epoch 1/10:   9%|######4                                                                   | 2/23 [00:00<00:09,  2.15it/s]
2025-01-13 13:20:04,922 - INFO - Epoch 1/10:  13%|#########6                                                                | 3/23 [00:01<00:08,  2.34it/s]
2025-01-13 13:20:05,305 - INFO - Epoch 1/10:  17%|############8                                                             | 4/23 [00:01<00:07,  2.44it/s]
2025-01-13 13:20:05,690 - INFO - Epoch 1/10:  22%|################                                                          | 5/23 [00:02<00:07,  2.49it/s]
2025-01-13 13:20:06,072 - INFO - Epoch 1/10:  26%|###################3                                                      | 6/23 [00:02<00:06,  2.53it/s]
2025-01-13 13:20:06,456 - INFO - Epoch 1/10:  30%|######################5                                                   | 7/23 [00:02<00:06,  2.56it/s]
2025-01-13 13:20:06,838 - INFO - Epoch 1/10:  35%|#########################7                                                | 8/23 [00:03<00:05,  2.58it/s]
2025-01-13 13:20:07,223 - INFO - Epoch 1/10:  39%|############################9                                             | 9/23 [00:03<00:05,  2.58it/s]
2025-01-13 13:20:07,606 - INFO - Epoch 1/10:  43%|###############################7                                         | 10/23 [00:04<00:05,  2.59it/s]
2025-01-13 13:20:07,990 - INFO - Epoch 1/10:  48%|##################################9                                      | 11/23 [00:04<00:04,  2.60it/s]
2025-01-13 13:20:08,374 - INFO - Epoch 1/10:  52%|######################################                                   | 12/23 [00:04<00:04,  2.60it/s]
2025-01-13 13:20:08,757 - INFO - Epoch 1/10:  57%|#########################################2                               | 13/23 [00:05<00:03,  2.60it/s]
2025-01-13 13:20:09,141 - INFO - Epoch 1/10:  61%|############################################4                            | 14/23 [00:05<00:03,  2.60it/s]
2025-01-13 13:20:09,524 - INFO - Epoch 1/10:  65%|###############################################6                         | 15/23 [00:05<00:03,  2.60it/s]
2025-01-13 13:20:09,908 - INFO - Epoch 1/10:  70%|##################################################7                      | 16/23 [00:06<00:02,  2.61it/s]
2025-01-13 13:20:10,292 - INFO - Epoch 1/10:  74%|#####################################################9                   | 17/23 [00:06<00:02,  2.60it/s]
2025-01-13 13:20:10,675 - INFO - Epoch 1/10:  78%|#########################################################1               | 18/23 [00:07<00:01,  2.61it/s]
2025-01-13 13:20:11,059 - INFO - Epoch 1/10:  83%|############################################################3            | 19/23 [00:07<00:01,  2.61it/s]
2025-01-13 13:20:11,443 - INFO - Epoch 1/10:  87%|###############################################################4         | 20/23 [00:07<00:01,  2.61it/s]
2025-01-13 13:20:11,827 - INFO - Epoch 1/10:  91%|##################################################################6      | 21/23 [00:08<00:00,  2.60it/s]
2025-01-13 13:20:12,211 - INFO - Epoch 1/10:  96%|#####################################################################8   | 22/23 [00:08<00:00,  2.60it/s]
2025-01-13 13:20:12,322 - INFO - Epoch 1/10: 100%|#########################################################################| 23/23 [00:08<00:00,  3.31it/s]
2025-01-13 13:20:12,323 - INFO - Epoch 1/10: 100%|#########################################################################| 23/23 [00:08<00:00,  2.63it/s]
2025-01-13 13:20:12,702 - INFO - Epoch 1/10 - New best model found. Saving weights.
2025-01-13 13:20:12,702 - INFO - Epoch 1/10, Train Loss: 0.1912, Val Loss: 15.0572, Learning Rate: 0.001000
2025-01-13 13:20:12,703 - INFO - Epoch 2/10:   0%|                                                                                  | 0/23 [00:00<?, ?it/s]
2025-01-13 13:20:13,085 - INFO - Epoch 2/10:   4%|###2                                                                      | 1/23 [00:00<00:08,  2.62it/s]
2025-01-13 13:20:13,468 - INFO - Epoch 2/10:   9%|######4                                                                   | 2/23 [00:00<00:08,  2.61it/s]
2025-01-13 13:20:13,853 - INFO - Epoch 2/10:  13%|#########6                                                                | 3/23 [00:01<00:07,  2.61it/s]
2025-01-13 13:20:14,237 - INFO - Epoch 2/10:  17%|############8                                                             | 4/23 [00:01<00:07,  2.60it/s]
2025-01-13 13:20:14,623 - INFO - Epoch 2/10:  22%|################                                                          | 5/23 [00:01<00:06,  2.60it/s]
2025-01-13 13:20:15,008 - INFO - Epoch 2/10:  26%|###################3                                                      | 6/23 [00:02<00:06,  2.60it/s]
2025-01-13 13:20:15,393 - INFO - Epoch 2/10:  30%|######################5                                                   | 7/23 [00:02<00:06,  2.60it/s]
2025-01-13 13:20:15,777 - INFO - Epoch 2/10:  35%|#########################7                                                | 8/23 [00:03<00:05,  2.60it/s]
2025-01-13 13:20:16,161 - INFO - Epoch 2/10:  39%|############################9                                             | 9/23 [00:03<00:05,  2.60it/s]
2025-01-13 13:20:16,544 - INFO - Epoch 2/10:  43%|###############################7                                         | 10/23 [00:03<00:04,  2.60it/s]
2025-01-13 13:20:16,929 - INFO - Epoch 2/10:  48%|##################################9                                      | 11/23 [00:04<00:04,  2.60it/s]
2025-01-13 13:20:17,313 - INFO - Epoch 2/10:  52%|######################################                                   | 12/23 [00:04<00:04,  2.60it/s]
2025-01-13 13:20:17,698 - INFO - Epoch 2/10:  57%|#########################################2                               | 13/23 [00:04<00:03,  2.60it/s]
2025-01-13 13:20:18,083 - INFO - Epoch 2/10:  61%|############################################4                            | 14/23 [00:05<00:03,  2.60it/s]
2025-01-13 13:20:18,469 - INFO - Epoch 2/10:  65%|###############################################6                         | 15/23 [00:05<00:03,  2.60it/s]
2025-01-13 13:20:18,853 - INFO - Epoch 2/10:  70%|##################################################7                      | 16/23 [00:06<00:02,  2.60it/s]
2025-01-13 13:20:19,240 - INFO - Epoch 2/10:  74%|#####################################################9                   | 17/23 [00:06<00:02,  2.60it/s]
2025-01-13 13:20:19,625 - INFO - Epoch 2/10:  78%|#########################################################1               | 18/23 [00:06<00:01,  2.59it/s]
2025-01-13 13:20:20,010 - INFO - Epoch 2/10:  83%|############################################################3            | 19/23 [00:07<00:01,  2.60it/s]
2025-01-13 13:20:20,395 - INFO - Epoch 2/10:  87%|###############################################################4         | 20/23 [00:07<00:01,  2.60it/s]
2025-01-13 13:20:20,780 - INFO - Epoch 2/10:  91%|##################################################################6      | 21/23 [00:08<00:00,  2.60it/s]
2025-01-13 13:20:21,165 - INFO - Epoch 2/10:  96%|#####################################################################8   | 22/23 [00:08<00:00,  2.60it/s]
2025-01-13 13:20:21,274 - INFO - Epoch 2/10: 100%|#########################################################################| 23/23 [00:08<00:00,  3.31it/s]
2025-01-13 13:20:21,274 - INFO - Epoch 2/10: 100%|#########################################################################| 23/23 [00:08<00:00,  2.68it/s]
2025-01-13 13:20:21,654 - INFO - Epoch 2/10 - New best model found. Saving weights.
2025-01-13 13:20:21,654 - INFO - Epoch 2/10, Train Loss: 0.1671, Val Loss: 0.1420, Learning Rate: 0.001000
2025-01-13 13:20:21,656 - INFO - Epoch 3/10:   0%|                                                                                  | 0/23 [00:00<?, ?it/s]
2025-01-13 13:20:22,039 - INFO - Epoch 3/10:   4%|###2                                                                      | 1/23 [00:00<00:08,  2.61it/s]
2025-01-13 13:20:22,424 - INFO - Epoch 3/10:   9%|######4                                                                   | 2/23 [00:00<00:08,  2.60it/s]
2025-01-13 13:20:22,810 - INFO - Epoch 3/10:  13%|#########6                                                                | 3/23 [00:01<00:07,  2.60it/s]
2025-01-13 13:20:23,195 - INFO - Epoch 3/10:  17%|############8                                                             | 4/23 [00:01<00:07,  2.60it/s]
2025-01-13 13:20:23,584 - INFO - Epoch 3/10:  22%|################                                                          | 5/23 [00:01<00:06,  2.59it/s]
2025-01-13 13:20:23,971 - INFO - Epoch 3/10:  26%|###################3                                                      | 6/23 [00:02<00:06,  2.59it/s]
2025-01-13 13:20:24,356 - INFO - Epoch 3/10:  30%|######################5                                                   | 7/23 [00:02<00:06,  2.59it/s]
2025-01-13 13:20:24,741 - INFO - Epoch 3/10:  35%|#########################7                                                | 8/23 [00:03<00:05,  2.59it/s]
2025-01-13 13:20:25,127 - INFO - Epoch 3/10:  39%|############################9                                             | 9/23 [00:03<00:05,  2.59it/s]
2025-01-13 13:20:25,512 - INFO - Epoch 3/10:  43%|###############################7                                         | 10/23 [00:03<00:05,  2.59it/s]
2025-01-13 13:20:25,897 - INFO - Epoch 3/10:  48%|##################################9                                      | 11/23 [00:04<00:04,  2.59it/s]
2025-01-13 13:20:26,283 - INFO - Epoch 3/10:  52%|######################################                                   | 12/23 [00:04<00:04,  2.59it/s]
2025-01-13 13:20:26,669 - INFO - Epoch 3/10:  57%|#########################################2                               | 13/23 [00:05<00:03,  2.59it/s]
2025-01-13 13:20:27,054 - INFO - Epoch 3/10:  61%|############################################4                            | 14/23 [00:05<00:03,  2.60it/s]
2025-01-13 13:20:27,439 - INFO - Epoch 3/10:  65%|###############################################6                         | 15/23 [00:05<00:03,  2.59it/s]
2025-01-13 13:20:27,824 - INFO - Epoch 3/10:  70%|##################################################7                      | 16/23 [00:06<00:02,  2.60it/s]
2025-01-13 13:20:28,209 - INFO - Epoch 3/10:  74%|#####################################################9                   | 17/23 [00:06<00:02,  2.60it/s]
2025-01-13 13:20:28,595 - INFO - Epoch 3/10:  78%|#########################################################1               | 18/23 [00:06<00:01,  2.60it/s]
2025-01-13 13:20:28,980 - INFO - Epoch 3/10:  83%|############################################################3            | 19/23 [00:07<00:01,  2.60it/s]
2025-01-13 13:20:29,369 - INFO - Epoch 3/10:  87%|###############################################################4         | 20/23 [00:07<00:01,  2.59it/s]
2025-01-13 13:20:29,755 - INFO - Epoch 3/10:  91%|##################################################################6      | 21/23 [00:08<00:00,  2.59it/s]
2025-01-13 13:20:30,139 - INFO - Epoch 3/10:  96%|#####################################################################8   | 22/23 [00:08<00:00,  2.59it/s]
2025-01-13 13:20:30,248 - INFO - Epoch 3/10: 100%|#########################################################################| 23/23 [00:08<00:00,  3.30it/s]
2025-01-13 13:20:30,249 - INFO - Epoch 3/10: 100%|#########################################################################| 23/23 [00:08<00:00,  2.68it/s]
2025-01-13 13:20:30,627 - INFO - Epoch 3/10, Train Loss: 0.0527, Val Loss: 0.4159, Learning Rate: 0.001000
2025-01-13 13:20:30,628 - INFO - Epoch 4/10:   0%|                                                                                  | 0/23 [00:00<?, ?it/s]
2025-01-13 13:20:31,013 - INFO - Epoch 4/10:   4%|###2                                                                      | 1/23 [00:00<00:08,  2.60it/s]
2025-01-13 13:20:31,401 - INFO - Epoch 4/10:   9%|######4                                                                   | 2/23 [00:00<00:08,  2.59it/s]
2025-01-13 13:20:31,788 - INFO - Epoch 4/10:  13%|#########6                                                                | 3/23 [00:01<00:07,  2.58it/s]
2025-01-13 13:20:32,175 - INFO - Epoch 4/10:  17%|############8                                                             | 4/23 [00:01<00:07,  2.59it/s]
2025-01-13 13:20:32,561 - INFO - Epoch 4/10:  22%|################                                                          | 5/23 [00:01<00:06,  2.59it/s]
2025-01-13 13:20:32,949 - INFO - Epoch 4/10:  26%|###################3                                                      | 6/23 [00:02<00:06,  2.59it/s]
2025-01-13 13:20:33,336 - INFO - Epoch 4/10:  30%|######################5                                                   | 7/23 [00:02<00:06,  2.58it/s]
2025-01-13 13:20:33,723 - INFO - Epoch 4/10:  35%|#########################7                                                | 8/23 [00:03<00:05,  2.59it/s]
2025-01-13 13:20:34,109 - INFO - Epoch 4/10:  39%|############################9                                             | 9/23 [00:03<00:05,  2.58it/s]
2025-01-13 13:20:34,498 - INFO - Epoch 4/10:  43%|###############################7                                         | 10/23 [00:03<00:05,  2.58it/s]
2025-01-13 13:20:34,885 - INFO - Epoch 4/10:  48%|##################################9                                      | 11/23 [00:04<00:04,  2.58it/s]
2025-01-13 13:20:35,271 - INFO - Epoch 4/10:  52%|######################################                                   | 12/23 [00:04<00:04,  2.59it/s]
2025-01-13 13:20:35,658 - INFO - Epoch 4/10:  57%|#########################################2                               | 13/23 [00:05<00:03,  2.59it/s]
2025-01-13 13:20:36,046 - INFO - Epoch 4/10:  61%|############################################4                            | 14/23 [00:05<00:03,  2.58it/s]
2025-01-13 13:20:36,435 - INFO - Epoch 4/10:  65%|###############################################6                         | 15/23 [00:05<00:03,  2.58it/s]
2025-01-13 13:20:36,820 - INFO - Epoch 4/10:  70%|##################################################7                      | 16/23 [00:06<00:02,  2.58it/s]
2025-01-13 13:20:37,208 - INFO - Epoch 4/10:  74%|#####################################################9                   | 17/23 [00:06<00:02,  2.58it/s]
2025-01-13 13:20:37,597 - INFO - Epoch 4/10:  78%|#########################################################1               | 18/23 [00:06<00:01,  2.58it/s]
2025-01-13 13:20:37,985 - INFO - Epoch 4/10:  83%|############################################################3            | 19/23 [00:07<00:01,  2.58it/s]
2025-01-13 13:20:38,371 - INFO - Epoch 4/10:  87%|###############################################################4         | 20/23 [00:07<00:01,  2.58it/s]
2025-01-13 13:20:38,759 - INFO - Epoch 4/10:  91%|##################################################################6      | 21/23 [00:08<00:00,  2.58it/s]
2025-01-13 13:20:39,147 - INFO - Epoch 4/10:  96%|#####################################################################8   | 22/23 [00:08<00:00,  2.58it/s]
2025-01-13 13:20:39,257 - INFO - Epoch 4/10: 100%|#########################################################################| 23/23 [00:08<00:00,  3.29it/s]
2025-01-13 13:20:39,257 - INFO - Epoch 4/10: 100%|#########################################################################| 23/23 [00:08<00:00,  2.67it/s]
2025-01-13 13:20:39,637 - INFO - Epoch 4/10, Train Loss: 0.0554, Val Loss: 0.1504, Learning Rate: 0.001000
2025-01-13 13:20:39,638 - INFO - Epoch 5/10:   0%|                                                                                  | 0/23 [00:00<?, ?it/s]
2025-01-13 13:20:40,024 - INFO - Epoch 5/10:   4%|###2                                                                      | 1/23 [00:00<00:08,  2.59it/s]
2025-01-13 13:20:40,412 - INFO - Epoch 5/10:   9%|######4                                                                   | 2/23 [00:00<00:08,  2.58it/s]
2025-01-13 13:20:40,799 - INFO - Epoch 5/10:  13%|#########6                                                                | 3/23 [00:01<00:07,  2.58it/s]
2025-01-13 13:20:41,189 - INFO - Epoch 5/10:  17%|############8                                                             | 4/23 [00:01<00:07,  2.58it/s]
2025-01-13 13:20:41,577 - INFO - Epoch 5/10:  22%|################                                                          | 5/23 [00:01<00:06,  2.58it/s]
2025-01-13 13:20:41,967 - INFO - Epoch 5/10:  26%|###################3                                                      | 6/23 [00:02<00:06,  2.57it/s]
2025-01-13 13:20:42,356 - INFO - Epoch 5/10:  30%|######################5                                                   | 7/23 [00:02<00:06,  2.57it/s]
2025-01-13 13:20:42,744 - INFO - Epoch 5/10:  35%|#########################7                                                | 8/23 [00:03<00:05,  2.57it/s]
2025-01-13 13:20:43,130 - INFO - Epoch 5/10:  39%|############################9                                             | 9/23 [00:03<00:05,  2.58it/s]
2025-01-13 13:20:43,517 - INFO - Epoch 5/10:  43%|###############################7                                         | 10/23 [00:03<00:05,  2.58it/s]
2025-01-13 13:20:43,906 - INFO - Epoch 5/10:  48%|##################################9                                      | 11/23 [00:04<00:04,  2.58it/s]
2025-01-13 13:20:44,294 - INFO - Epoch 5/10:  52%|######################################                                   | 12/23 [00:04<00:04,  2.58it/s]
2025-01-13 13:20:44,680 - INFO - Epoch 5/10:  57%|#########################################2                               | 13/23 [00:05<00:03,  2.58it/s]
2025-01-13 13:20:45,068 - INFO - Epoch 5/10:  61%|############################################4                            | 14/23 [00:05<00:03,  2.58it/s]
2025-01-13 13:20:45,457 - INFO - Epoch 5/10:  65%|###############################################6                         | 15/23 [00:05<00:03,  2.58it/s]
2025-01-13 13:20:45,844 - INFO - Epoch 5/10:  70%|##################################################7                      | 16/23 [00:06<00:02,  2.58it/s]
2025-01-13 13:20:46,232 - INFO - Epoch 5/10:  74%|#####################################################9                   | 17/23 [00:06<00:02,  2.58it/s]
2025-01-13 13:20:46,620 - INFO - Epoch 5/10:  78%|#########################################################1               | 18/23 [00:06<00:01,  2.58it/s]
2025-01-13 13:20:47,006 - INFO - Epoch 5/10:  83%|############################################################3            | 19/23 [00:07<00:01,  2.58it/s]
2025-01-13 13:20:47,393 - INFO - Epoch 5/10:  87%|###############################################################4         | 20/23 [00:07<00:01,  2.58it/s]
2025-01-13 13:20:47,779 - INFO - Epoch 5/10:  91%|##################################################################6      | 21/23 [00:08<00:00,  2.58it/s]
2025-01-13 13:20:48,168 - INFO - Epoch 5/10:  96%|#####################################################################8   | 22/23 [00:08<00:00,  2.58it/s]
2025-01-13 13:20:48,278 - INFO - Epoch 5/10: 100%|#########################################################################| 23/23 [00:08<00:00,  3.29it/s]
2025-01-13 13:20:48,278 - INFO - Epoch 5/10: 100%|#########################################################################| 23/23 [00:08<00:00,  2.66it/s]
2025-01-13 13:20:48,658 - INFO - Epoch 5/10, Train Loss: 0.0591, Val Loss: 1.0107, Learning Rate: 0.000100
2025-01-13 13:20:48,659 - INFO - Epoch 6/10:   0%|                                                                                  | 0/23 [00:00<?, ?it/s]
2025-01-13 13:20:49,045 - INFO - Epoch 6/10:   4%|###2                                                                      | 1/23 [00:00<00:08,  2.60it/s]
2025-01-13 13:20:49,432 - INFO - Epoch 6/10:   9%|######4                                                                   | 2/23 [00:00<00:08,  2.59it/s]
2025-01-13 13:20:49,820 - INFO - Epoch 6/10:  13%|#########6                                                                | 3/23 [00:01<00:07,  2.59it/s]
2025-01-13 13:20:50,207 - INFO - Epoch 6/10:  17%|############8                                                             | 4/23 [00:01<00:07,  2.58it/s]
2025-01-13 13:20:50,594 - INFO - Epoch 6/10:  22%|################                                                          | 5/23 [00:01<00:06,  2.58it/s]
2025-01-13 13:20:50,982 - INFO - Epoch 6/10:  26%|###################3                                                      | 6/23 [00:02<00:06,  2.58it/s]
2025-01-13 13:20:51,369 - INFO - Epoch 6/10:  30%|######################5                                                   | 7/23 [00:02<00:06,  2.58it/s]
2025-01-13 13:20:51,756 - INFO - Epoch 6/10:  35%|#########################7                                                | 8/23 [00:03<00:05,  2.58it/s]
2025-01-13 13:20:52,144 - INFO - Epoch 6/10:  39%|############################9                                             | 9/23 [00:03<00:05,  2.58it/s]
2025-01-13 13:20:52,532 - INFO - Epoch 6/10:  43%|###############################7                                         | 10/23 [00:03<00:05,  2.58it/s]
2025-01-13 13:20:52,919 - INFO - Epoch 6/10:  48%|##################################9                                      | 11/23 [00:04<00:04,  2.58it/s]
2025-01-13 13:20:53,308 - INFO - Epoch 6/10:  52%|######################################                                   | 12/23 [00:04<00:04,  2.58it/s]
2025-01-13 13:20:53,698 - INFO - Epoch 6/10:  57%|#########################################2                               | 13/23 [00:05<00:03,  2.57it/s]
2025-01-13 13:20:54,087 - INFO - Epoch 6/10:  61%|############################################4                            | 14/23 [00:05<00:03,  2.57it/s]
2025-01-13 13:20:54,475 - INFO - Epoch 6/10:  65%|###############################################6                         | 15/23 [00:05<00:03,  2.57it/s]
2025-01-13 13:20:54,865 - INFO - Epoch 6/10:  70%|##################################################7                      | 16/23 [00:06<00:02,  2.57it/s]
2025-01-13 13:20:55,254 - INFO - Epoch 6/10:  74%|#####################################################9                   | 17/23 [00:06<00:02,  2.57it/s]
2025-01-13 13:20:55,642 - INFO - Epoch 6/10:  78%|#########################################################1               | 18/23 [00:06<00:01,  2.57it/s]
2025-01-13 13:20:56,032 - INFO - Epoch 6/10:  83%|############################################################3            | 19/23 [00:07<00:01,  2.57it/s]
2025-01-13 13:20:56,420 - INFO - Epoch 6/10:  87%|###############################################################4         | 20/23 [00:07<00:01,  2.57it/s]
2025-01-13 13:20:56,809 - INFO - Epoch 6/10:  91%|##################################################################6      | 21/23 [00:08<00:00,  2.57it/s]
2025-01-13 13:20:57,198 - INFO - Epoch 6/10:  96%|#####################################################################8   | 22/23 [00:08<00:00,  2.57it/s]
2025-01-13 13:20:57,308 - INFO - Epoch 6/10: 100%|#########################################################################| 23/23 [00:08<00:00,  3.28it/s]
2025-01-13 13:20:57,308 - INFO - Epoch 6/10: 100%|#########################################################################| 23/23 [00:08<00:00,  2.66it/s]
2025-01-13 13:20:57,690 - INFO - Epoch 6/10 - New best model found. Saving weights.
2025-01-13 13:20:57,690 - INFO - Epoch 6/10, Train Loss: 0.0107, Val Loss: 0.0193, Learning Rate: 0.000100
2025-01-13 13:20:57,691 - INFO - Epoch 7/10:   0%|                                                                                  | 0/23 [00:00<?, ?it/s]
2025-01-13 13:20:58,078 - INFO - Epoch 7/10:   4%|###2                                                                      | 1/23 [00:00<00:08,  2.58it/s]
2025-01-13 13:20:58,467 - INFO - Epoch 7/10:   9%|######4                                                                   | 2/23 [00:00<00:08,  2.58it/s]
2025-01-13 13:20:58,856 - INFO - Epoch 7/10:  13%|#########6                                                                | 3/23 [00:01<00:07,  2.57it/s]
2025-01-13 13:20:59,245 - INFO - Epoch 7/10:  17%|############8                                                             | 4/23 [00:01<00:07,  2.57it/s]
2025-01-13 13:20:59,634 - INFO - Epoch 7/10:  22%|################                                                          | 5/23 [00:01<00:06,  2.57it/s]
2025-01-13 13:21:00,023 - INFO - Epoch 7/10:  26%|###################3                                                      | 6/23 [00:02<00:06,  2.57it/s]
2025-01-13 13:21:00,413 - INFO - Epoch 7/10:  30%|######################5                                                   | 7/23 [00:02<00:06,  2.57it/s]
2025-01-13 13:21:00,802 - INFO - Epoch 7/10:  35%|#########################7                                                | 8/23 [00:03<00:05,  2.57it/s]
2025-01-13 13:21:01,192 - INFO - Epoch 7/10:  39%|############################9                                             | 9/23 [00:03<00:05,  2.57it/s]
2025-01-13 13:21:01,582 - INFO - Epoch 7/10:  43%|###############################7                                         | 10/23 [00:03<00:05,  2.57it/s]
2025-01-13 13:21:01,972 - INFO - Epoch 7/10:  48%|##################################9                                      | 11/23 [00:04<00:04,  2.57it/s]
2025-01-13 13:21:02,360 - INFO - Epoch 7/10:  52%|######################################                                   | 12/23 [00:04<00:04,  2.57it/s]
2025-01-13 13:21:02,749 - INFO - Epoch 7/10:  57%|#########################################2                               | 13/23 [00:05<00:03,  2.57it/s]
2025-01-13 13:21:03,140 - INFO - Epoch 7/10:  61%|############################################4                            | 14/23 [00:05<00:03,  2.57it/s]
2025-01-13 13:21:03,530 - INFO - Epoch 7/10:  65%|###############################################6                         | 15/23 [00:05<00:03,  2.57it/s]
2025-01-13 13:21:03,919 - INFO - Epoch 7/10:  70%|##################################################7                      | 16/23 [00:06<00:02,  2.57it/s]
2025-01-13 13:21:04,308 - INFO - Epoch 7/10:  74%|#####################################################9                   | 17/23 [00:06<00:02,  2.57it/s]
2025-01-13 13:21:04,698 - INFO - Epoch 7/10:  78%|#########################################################1               | 18/23 [00:07<00:01,  2.57it/s]
2025-01-13 13:21:05,087 - INFO - Epoch 7/10:  83%|############################################################3            | 19/23 [00:07<00:01,  2.57it/s]
2025-01-13 13:21:05,476 - INFO - Epoch 7/10:  87%|###############################################################4         | 20/23 [00:07<00:01,  2.57it/s]
2025-01-13 13:21:05,866 - INFO - Epoch 7/10:  91%|##################################################################6      | 21/23 [00:08<00:00,  2.57it/s]
2025-01-13 13:21:06,255 - INFO - Epoch 7/10:  96%|#####################################################################8   | 22/23 [00:08<00:00,  2.57it/s]
2025-01-13 13:21:06,365 - INFO - Epoch 7/10: 100%|#########################################################################| 23/23 [00:08<00:00,  3.27it/s]
2025-01-13 13:21:06,366 - INFO - Epoch 7/10: 100%|#########################################################################| 23/23 [00:08<00:00,  2.65it/s]
2025-01-13 13:21:06,745 - INFO - Epoch 7/10 - New best model found. Saving weights.
2025-01-13 13:21:06,745 - INFO - Epoch 7/10, Train Loss: 0.0143, Val Loss: 0.0115, Learning Rate: 0.000100
2025-01-13 13:21:06,745 - INFO - Epoch 8/10:   0%|                                                                                  | 0/23 [00:00<?, ?it/s]
2025-01-13 13:21:07,132 - INFO - Epoch 8/10:   4%|###2                                                                      | 1/23 [00:00<00:08,  2.58it/s]
2025-01-13 13:21:07,521 - INFO - Epoch 8/10:   9%|######4                                                                   | 2/23 [00:00<00:08,  2.58it/s]
2025-01-13 13:21:07,909 - INFO - Epoch 8/10:  13%|#########6                                                                | 3/23 [00:01<00:07,  2.58it/s]
2025-01-13 13:21:08,297 - INFO - Epoch 8/10:  17%|############8                                                             | 4/23 [00:01<00:07,  2.58it/s]
2025-01-13 13:21:08,686 - INFO - Epoch 8/10:  22%|################                                                          | 5/23 [00:01<00:06,  2.57it/s]
2025-01-13 13:21:09,074 - INFO - Epoch 8/10:  26%|###################3                                                      | 6/23 [00:02<00:06,  2.58it/s]
2025-01-13 13:21:09,462 - INFO - Epoch 8/10:  30%|######################5                                                   | 7/23 [00:02<00:06,  2.58it/s]
2025-01-13 13:21:09,850 - INFO - Epoch 8/10:  35%|#########################7                                                | 8/23 [00:03<00:05,  2.58it/s]
2025-01-13 13:21:10,241 - INFO - Epoch 8/10:  39%|############################9                                             | 9/23 [00:03<00:05,  2.57it/s]
2025-01-13 13:21:10,629 - INFO - Epoch 8/10:  43%|###############################7                                         | 10/23 [00:03<00:05,  2.57it/s]
2025-01-13 13:21:11,018 - INFO - Epoch 8/10:  48%|##################################9                                      | 11/23 [00:04<00:04,  2.57it/s]
2025-01-13 13:21:11,409 - INFO - Epoch 8/10:  52%|######################################                                   | 12/23 [00:04<00:04,  2.57it/s]
2025-01-13 13:21:11,798 - INFO - Epoch 8/10:  57%|#########################################2                               | 13/23 [00:05<00:03,  2.57it/s]
2025-01-13 13:21:12,188 - INFO - Epoch 8/10:  61%|############################################4                            | 14/23 [00:05<00:03,  2.57it/s]
2025-01-13 13:21:12,576 - INFO - Epoch 8/10:  65%|###############################################6                         | 15/23 [00:05<00:03,  2.57it/s]
2025-01-13 13:21:12,966 - INFO - Epoch 8/10:  70%|##################################################7                      | 16/23 [00:06<00:02,  2.57it/s]
2025-01-13 13:21:13,355 - INFO - Epoch 8/10:  74%|#####################################################9                   | 17/23 [00:06<00:02,  2.57it/s]
2025-01-13 13:21:13,744 - INFO - Epoch 8/10:  78%|#########################################################1               | 18/23 [00:06<00:01,  2.57it/s]
2025-01-13 13:21:14,134 - INFO - Epoch 8/10:  83%|############################################################3            | 19/23 [00:07<00:01,  2.57it/s]
2025-01-13 13:21:14,523 - INFO - Epoch 8/10:  87%|###############################################################4         | 20/23 [00:07<00:01,  2.57it/s]
2025-01-13 13:21:14,912 - INFO - Epoch 8/10:  91%|##################################################################6      | 21/23 [00:08<00:00,  2.57it/s]
2025-01-13 13:21:15,301 - INFO - Epoch 8/10:  96%|#####################################################################8   | 22/23 [00:08<00:00,  2.57it/s]
2025-01-13 13:21:15,411 - INFO - Epoch 8/10: 100%|#########################################################################| 23/23 [00:08<00:00,  3.27it/s]
2025-01-13 13:21:15,412 - INFO - Epoch 8/10: 100%|#########################################################################| 23/23 [00:08<00:00,  2.65it/s]
2025-01-13 13:21:15,795 - INFO - Epoch 8/10, Train Loss: 0.0087, Val Loss: 0.0161, Learning Rate: 0.000100
2025-01-13 13:21:15,796 - INFO - Epoch 9/10:   0%|                                                                                  | 0/23 [00:00<?, ?it/s]
2025-01-13 13:21:16,183 - INFO - Epoch 9/10:   4%|###2                                                                      | 1/23 [00:00<00:08,  2.58it/s]
2025-01-13 13:21:16,573 - INFO - Epoch 9/10:   9%|######4                                                                   | 2/23 [00:00<00:08,  2.57it/s]
2025-01-13 13:21:16,962 - INFO - Epoch 9/10:  13%|#########6                                                                | 3/23 [00:01<00:07,  2.57it/s]
2025-01-13 13:21:17,351 - INFO - Epoch 9/10:  17%|############8                                                             | 4/23 [00:01<00:07,  2.57it/s]
2025-01-13 13:21:17,742 - INFO - Epoch 9/10:  22%|################                                                          | 5/23 [00:01<00:07,  2.57it/s]
2025-01-13 13:21:18,129 - INFO - Epoch 9/10:  26%|###################3                                                      | 6/23 [00:02<00:06,  2.57it/s]
2025-01-13 13:21:18,519 - INFO - Epoch 9/10:  30%|######################5                                                   | 7/23 [00:02<00:06,  2.57it/s]
2025-01-13 13:21:18,908 - INFO - Epoch 9/10:  35%|#########################7                                                | 8/23 [00:03<00:05,  2.57it/s]
2025-01-13 13:21:19,298 - INFO - Epoch 9/10:  39%|############################9                                             | 9/23 [00:03<00:05,  2.57it/s]
2025-01-13 13:21:19,688 - INFO - Epoch 9/10:  43%|###############################7                                         | 10/23 [00:03<00:05,  2.57it/s]
2025-01-13 13:21:20,077 - INFO - Epoch 9/10:  48%|##################################9                                      | 11/23 [00:04<00:04,  2.57it/s]
2025-01-13 13:21:20,468 - INFO - Epoch 9/10:  52%|######################################                                   | 12/23 [00:04<00:04,  2.57it/s]
2025-01-13 13:21:20,858 - INFO - Epoch 9/10:  57%|#########################################2                               | 13/23 [00:05<00:03,  2.56it/s]
2025-01-13 13:21:21,247 - INFO - Epoch 9/10:  61%|############################################4                            | 14/23 [00:05<00:03,  2.57it/s]
2025-01-13 13:21:21,638 - INFO - Epoch 9/10:  65%|###############################################6                         | 15/23 [00:05<00:03,  2.56it/s]
2025-01-13 13:21:22,028 - INFO - Epoch 9/10:  70%|##################################################7                      | 16/23 [00:06<00:02,  2.56it/s]
2025-01-13 13:21:22,418 - INFO - Epoch 9/10:  74%|#####################################################9                   | 17/23 [00:06<00:02,  2.56it/s]
2025-01-13 13:21:22,809 - INFO - Epoch 9/10:  78%|#########################################################1               | 18/23 [00:07<00:01,  2.56it/s]
2025-01-13 13:21:23,200 - INFO - Epoch 9/10:  83%|############################################################3            | 19/23 [00:07<00:01,  2.56it/s]
2025-01-13 13:21:23,592 - INFO - Epoch 9/10:  87%|###############################################################4         | 20/23 [00:07<00:01,  2.56it/s]
2025-01-13 13:21:23,982 - INFO - Epoch 9/10:  91%|##################################################################6      | 21/23 [00:08<00:00,  2.56it/s]
2025-01-13 13:21:24,374 - INFO - Epoch 9/10:  96%|#####################################################################8   | 22/23 [00:08<00:00,  2.56it/s]
2025-01-13 13:21:24,484 - INFO - Epoch 9/10: 100%|#########################################################################| 23/23 [00:08<00:00,  3.26it/s]
2025-01-13 13:21:24,484 - INFO - Epoch 9/10: 100%|#########################################################################| 23/23 [00:08<00:00,  2.65it/s]
2025-01-13 13:21:24,865 - INFO - Epoch 9/10, Train Loss: 0.0048, Val Loss: 0.0146, Learning Rate: 0.000100
2025-01-13 13:21:24,866 - INFO - Epoch 10/10:   0%|                                                                                 | 0/23 [00:00<?, ?it/s]
2025-01-13 13:21:25,255 - INFO - Epoch 10/10:   4%|###1                                                                     | 1/23 [00:00<00:08,  2.57it/s]
2025-01-13 13:21:25,647 - INFO - Epoch 10/10:   9%|######3                                                                  | 2/23 [00:00<00:08,  2.56it/s]
2025-01-13 13:21:26,036 - INFO - Epoch 10/10:  13%|#########5                                                               | 3/23 [00:01<00:07,  2.56it/s]
2025-01-13 13:21:26,426 - INFO - Epoch 10/10:  17%|############6                                                            | 4/23 [00:01<00:07,  2.56it/s]
2025-01-13 13:21:26,817 - INFO - Epoch 10/10:  22%|###############8                                                         | 5/23 [00:01<00:07,  2.56it/s]
2025-01-13 13:21:27,209 - INFO - Epoch 10/10:  26%|###################                                                      | 6/23 [00:02<00:06,  2.56it/s]
2025-01-13 13:21:27,599 - INFO - Epoch 10/10:  30%|######################2                                                  | 7/23 [00:02<00:06,  2.56it/s]
2025-01-13 13:21:27,991 - INFO - Epoch 10/10:  35%|#########################3                                               | 8/23 [00:03<00:05,  2.56it/s]
2025-01-13 13:21:28,382 - INFO - Epoch 10/10:  39%|############################5                                            | 9/23 [00:03<00:05,  2.56it/s]
2025-01-13 13:21:28,773 - INFO - Epoch 10/10:  43%|###############################3                                        | 10/23 [00:03<00:05,  2.56it/s]
2025-01-13 13:21:29,164 - INFO - Epoch 10/10:  48%|##################################4                                     | 11/23 [00:04<00:04,  2.56it/s]
2025-01-13 13:21:29,554 - INFO - Epoch 10/10:  52%|#####################################5                                  | 12/23 [00:04<00:04,  2.56it/s]
2025-01-13 13:21:29,945 - INFO - Epoch 10/10:  57%|########################################6                               | 13/23 [00:05<00:03,  2.56it/s]
2025-01-13 13:21:30,337 - INFO - Epoch 10/10:  61%|###########################################8                            | 14/23 [00:05<00:03,  2.56it/s]
2025-01-13 13:21:30,727 - INFO - Epoch 10/10:  65%|##############################################9                         | 15/23 [00:05<00:03,  2.56it/s]
2025-01-13 13:21:31,118 - INFO - Epoch 10/10:  70%|##################################################                      | 16/23 [00:06<00:02,  2.56it/s]
2025-01-13 13:21:31,508 - INFO - Epoch 10/10:  74%|#####################################################2                  | 17/23 [00:06<00:02,  2.56it/s]
2025-01-13 13:21:31,899 - INFO - Epoch 10/10:  78%|########################################################3               | 18/23 [00:07<00:01,  2.56it/s]
2025-01-13 13:21:32,290 - INFO - Epoch 10/10:  83%|###########################################################4            | 19/23 [00:07<00:01,  2.56it/s]
2025-01-13 13:21:32,681 - INFO - Epoch 10/10:  87%|##############################################################6         | 20/23 [00:07<00:01,  2.56it/s]
2025-01-13 13:21:33,073 - INFO - Epoch 10/10:  91%|#################################################################7      | 21/23 [00:08<00:00,  2.56it/s]
2025-01-13 13:21:33,462 - INFO - Epoch 10/10:  96%|####################################################################8   | 22/23 [00:08<00:00,  2.56it/s]
2025-01-13 13:21:33,573 - INFO - Epoch 10/10: 100%|########################################################################| 23/23 [00:08<00:00,  3.26it/s]
2025-01-13 13:21:33,573 - INFO - Epoch 10/10: 100%|########################################################################| 23/23 [00:08<00:00,  2.64it/s]
2025-01-13 13:21:33,955 - INFO - Epoch 10/10 - New best model found. Saving weights.
2025-01-13 13:21:33,956 - INFO - Epoch 10/10, Train Loss: 0.0027, Val Loss: 0.0082, Learning Rate: 0.000010
2025-01-13 13:21:34,062 - INFO - Best model weights saved as Results/10s/best_model.pth
2025-01-13 13:21:34,829 - INFO - Test Results - Accuracy: 0.9853, Precision: 0.9818, Recall: 0.9908, F1-score: 0.9863, AUC: 0.9986
